<?xml version="1.0" encoding="UTF-8"?>
<!-- Generated by org.testng.reporters.JUnitReportReporter -->
<testsuite skipped="0" hostname="SLPUN-LT-0147" name="com.testAutomation.TestAutomation.Homepage" tests="1" failures="0" timestamp="09 Mar 2019 13:49:52 GMT" time="34.952" errors="0">
  <testcase name="homePageNavigation" time="34.952" classname="com.testAutomation.TestAutomation.Homepage"/>
</testsuite> <!-- com.testAutomation.TestAutomation.Homepage -->
