<?xml version="1.0" encoding="UTF-8"?>
<!-- Generated by org.testng.reporters.JUnitReportReporter -->
<testsuite skipped="0" hostname="SLPUN-LT-0147" name="com.testAutomation.TestAutomation.ValidateHomepage" tests="1" failures="0" timestamp="13 Mar 2019 07:33:58 GMT" time="3.012" errors="0">
  <testcase name="validateHomePage" time="3.012" classname="com.testAutomation.TestAutomation.ValidateHomepage"/>
</testsuite> <!-- com.testAutomation.TestAutomation.ValidateHomepage -->
