<?xml version="1.0" encoding="UTF-8"?>
<!-- Generated by org.testng.reporters.JUnitReportReporter -->
<testsuite skipped="0" hostname="SLPUN-LT-0147" name="com.testAutomation.TestAutomation.Homepage" tests="2" failures="0" timestamp="10 Mar 2019 13:07:23 GMT" time="53.713" errors="0">
  <testcase name="homePageNavigation" time="33.169" classname="com.testAutomation.TestAutomation.Homepage"/>
  <testcase name="homePageNavigation" time="20.544" classname="com.testAutomation.TestAutomation.Homepage"/>
</testsuite> <!-- com.testAutomation.TestAutomation.Homepage -->
