<?xml version="1.0" encoding="UTF-8"?>
<!-- Generated by org.testng.reporters.JUnitReportReporter -->
<testsuite skipped="0" hostname="SLPUN-LT-0147" name="com.testAutomation.TestAutomation.Homepage" tests="2" failures="0" timestamp="12 Mar 2019 11:16:55 GMT" time="29.212" errors="0">
  <testcase name="homePageNavigation" time="8.705" classname="com.testAutomation.TestAutomation.Homepage"/>
  <testcase name="homePageNavigation" time="20.507" classname="com.testAutomation.TestAutomation.Homepage"/>
</testsuite> <!-- com.testAutomation.TestAutomation.Homepage -->
