<?xml version="1.0" encoding="UTF-8"?>
<!-- Generated by org.testng.reporters.JUnitReportReporter -->
<testsuite skipped="0" hostname="SLPUN-LT-0147" name="com.testAutomation.TestAutomation.ValidateHomepage" tests="1" failures="0" timestamp="12 Mar 2019 11:16:55 GMT" time="2.956" errors="0">
  <testcase name="validateHomePage" time="2.956" classname="com.testAutomation.TestAutomation.ValidateHomepage"/>
</testsuite> <!-- com.testAutomation.TestAutomation.ValidateHomepage -->
