<?xml version="1.0" encoding="UTF-8"?>
<!-- Generated by org.testng.reporters.JUnitReportReporter -->
<testsuite skipped="0" hostname="SLPUN-LT-0147" name="com.testAutomation.TestAutomation.Homepage" tests="1" failures="0" timestamp="01 Mar 2019 10:06:39 GMT" time="5.196" errors="0">
  <testcase name="homePageNavigation" time="5.196" classname="com.testAutomation.TestAutomation.Homepage"/>
</testsuite> <!-- com.testAutomation.TestAutomation.Homepage -->
