<?xml version="1.0" encoding="UTF-8"?>
<!-- Generated by org.testng.reporters.JUnitReportReporter -->
<testsuite skipped="0" hostname="SLPUN-LT-0147" name="com.testAutomation.TestAutomation.Homepage" tests="2" failures="0" timestamp="11 Mar 2019 10:46:33 GMT" time="40.148" errors="0">
  <testcase name="homePageNavigation" time="24.635" classname="com.testAutomation.TestAutomation.Homepage"/>
  <testcase name="homePageNavigation" time="15.513" classname="com.testAutomation.TestAutomation.Homepage"/>
</testsuite> <!-- com.testAutomation.TestAutomation.Homepage -->
