<?xml version="1.0" encoding="UTF-8"?>
<!-- Generated by org.testng.reporters.JUnitReportReporter -->
<testsuite skipped="0" hostname="SLPUN-LT-0147" name="com.testAutomation.TestAutomation.Homepage" tests="2" failures="0" timestamp="12 Mar 2019 11:29:13 GMT" time="30.812" errors="0">
  <testcase name="homePageNavigation" time="6.403" classname="com.testAutomation.TestAutomation.Homepage"/>
  <testcase name="homePageNavigation" time="24.409" classname="com.testAutomation.TestAutomation.Homepage"/>
</testsuite> <!-- com.testAutomation.TestAutomation.Homepage -->
