<?xml version="1.0" encoding="UTF-8"?>
<!-- Generated by org.testng.reporters.JUnitReportReporter -->
<testsuite skipped="0" hostname="SLPUN-LT-0147" name="com.testAutomation.TestAutomation.ValidateHomepage" tests="1" failures="0" timestamp="11 Mar 2019 10:46:33 GMT" time="0.087" errors="0">
  <testcase name="validateHomePage" time="0.087" classname="com.testAutomation.TestAutomation.ValidateHomepage"/>
</testsuite> <!-- com.testAutomation.TestAutomation.ValidateHomepage -->
